<?xml version="1.0" encoding="UTF-8"?>
<testng-results skipped="0" failed="0" ignored="0" total="2" passed="2">
  <reporter-output>
  </reporter-output>
  <suite name="Suite" duration-ms="39" started-at="2022-03-24T01:37:15 IST" finished-at="2022-03-24T01:37:15 IST">
    <groups>
    </groups>
    <test name="Test" duration-ms="39" started-at="2022-03-24T01:37:15 IST" finished-at="2022-03-24T01:37:15 IST">
      <class name="com.sdet.AppTest">
        <test-method status="PASS" signature="testlogin1()[pri:0, instance:com.sdet.AppTest@4973813a]" name="testlogin1" duration-ms="8" started-at="2022-03-24T01:37:15 IST" finished-at="2022-03-24T01:37:15 IST">
          <reporter-output>
          </reporter-output>
        </test-method> <!-- testlogin1 -->
        <test-method status="PASS" signature="testlogin2()[pri:0, instance:com.sdet.AppTest@4973813a]" name="testlogin2" duration-ms="0" started-at="2022-03-24T01:37:15 IST" finished-at="2022-03-24T01:37:15 IST">
          <reporter-output>
          </reporter-output>
        </test-method> <!-- testlogin2 -->
      </class> <!-- com.sdet.AppTest -->
    </test> <!-- Test -->
  </suite> <!-- Suite -->
</testng-results>
