<?xml version="1.0" encoding="UTF-8"?>
<testng-results skipped="0" failed="1" ignored="0" total="3" passed="2">
  <reporter-output>
  </reporter-output>
  <suite name="Suite" duration-ms="1003" started-at="2022-03-23T01:19:43 IST" finished-at="2022-03-23T01:19:44 IST">
    <groups>
    </groups>
    <test name="Test" duration-ms="1003" started-at="2022-03-23T01:19:43 IST" finished-at="2022-03-23T01:19:44 IST">
      <class name="com.sdet.TC_Login">
        <test-method status="FAIL" signature="login_Test()[pri:0, instance:com.sdet.TC_Login@3e57cd70]" name="login_Test" duration-ms="946" started-at="2022-03-23T01:19:44 IST" finished-at="2022-03-23T01:19:44 IST">
          <exception class="java.lang.NoSuchMethodError">
            <message>
              <![CDATA[com.google.common.collect.ImmutableList.toImmutableList()Ljava/util/stream/Collector;]]>
            </message>
            <full-stacktrace>
              <![CDATA[java.lang.NoSuchMethodError: com.google.common.collect.ImmutableList.toImmutableList()Ljava/util/stream/Collector;
at org.openqa.selenium.remote.CapabilitiesUtils.makeW3CSafe(CapabilitiesUtils.java:98)
at org.openqa.selenium.remote.CapabilitiesUtils.makeW3CSafe(CapabilitiesUtils.java:70)
at java.util.stream.ReferencePipeline$7$1.accept(ReferencePipeline.java:267)
at java.util.Collections$2.tryAdvance(Collections.java:4719)
at java.util.Collections$2.forEachRemaining(Collections.java:4727)
at java.util.stream.AbstractPipeline.copyInto(AbstractPipeline.java:482)
at java.util.stream.AbstractPipeline.wrapAndCopyInto(AbstractPipeline.java:472)
at java.util.stream.ReduceOps$ReduceOp.evaluateSequential(ReduceOps.java:708)
at java.util.stream.AbstractPipeline.evaluate(AbstractPipeline.java:234)
at java.util.stream.ReferencePipeline.collect(ReferencePipeline.java:499)
at org.openqa.selenium.remote.DriverCommand.NEW_SESSION(DriverCommand.java:65)
at org.openqa.selenium.remote.RemoteWebDriver.startSession(RemoteWebDriver.java:230)
at org.openqa.selenium.remote.RemoteWebDriver.<init>(RemoteWebDriver.java:151)
at org.openqa.selenium.chromium.ChromiumDriver.<init>(ChromiumDriver.java:108)
at org.openqa.selenium.chrome.ChromeDriver.<init>(ChromeDriver.java:104)
at org.openqa.selenium.chrome.ChromeDriver.<init>(ChromeDriver.java:91)
at org.openqa.selenium.chrome.ChromeDriver.<init>(ChromeDriver.java:46)
at com.sdet.TC_Login.login_Test(TC_Login.java:19)
at sun.reflect.NativeMethodAccessorImpl.invoke0(Native Method)
at sun.reflect.NativeMethodAccessorImpl.invoke(NativeMethodAccessorImpl.java:62)
at sun.reflect.DelegatingMethodAccessorImpl.invoke(DelegatingMethodAccessorImpl.java:43)
at java.lang.reflect.Method.invoke(Method.java:498)
at org.testng.internal.MethodInvocationHelper.invokeMethod(MethodInvocationHelper.java:132)
at org.testng.internal.TestInvoker.invokeMethod(TestInvoker.java:599)
at org.testng.internal.TestInvoker.invokeTestMethod(TestInvoker.java:174)
at org.testng.internal.MethodRunner.runInSequence(MethodRunner.java:46)
at org.testng.internal.TestInvoker$MethodInvocationAgent.invoke(TestInvoker.java:822)
at org.testng.internal.TestInvoker.invokeTestMethods(TestInvoker.java:147)
at org.testng.internal.TestMethodWorker.invokeTestMethods(TestMethodWorker.java:146)
at org.testng.internal.TestMethodWorker.run(TestMethodWorker.java:128)
at java.util.ArrayList.forEach(ArrayList.java:1259)
at org.testng.TestRunner.privateRun(TestRunner.java:764)
at org.testng.TestRunner.run(TestRunner.java:585)
at org.testng.SuiteRunner.runTest(SuiteRunner.java:384)
at org.testng.SuiteRunner.runSequentially(SuiteRunner.java:378)
at org.testng.SuiteRunner.privateRun(SuiteRunner.java:337)
at org.testng.SuiteRunner.run(SuiteRunner.java:286)
at org.testng.SuiteRunnerWorker.runSuite(SuiteRunnerWorker.java:53)
at org.testng.SuiteRunnerWorker.run(SuiteRunnerWorker.java:96)
at org.testng.TestNG.runSuitesSequentially(TestNG.java:1218)
at org.testng.TestNG.runSuitesLocally(TestNG.java:1140)
at org.testng.TestNG.runSuites(TestNG.java:1069)
at org.testng.TestNG.run(TestNG.java:1037)
at org.testng.remote.AbstractRemoteTestNG.run(AbstractRemoteTestNG.java:115)
at org.testng.remote.RemoteTestNG.initAndRun(RemoteTestNG.java:251)
at org.testng.remote.RemoteTestNG.main(RemoteTestNG.java:77)
]]>
            </full-stacktrace>
          </exception> <!-- java.lang.NoSuchMethodError -->
          <reporter-output>
          </reporter-output>
        </test-method> <!-- login_Test -->
      </class> <!-- com.sdet.TC_Login -->
      <class name="com.sdet.AppTest">
        <test-method status="PASS" signature="testlogin1()[pri:0, instance:com.sdet.AppTest@1d8d30f7]" name="testlogin1" duration-ms="12" started-at="2022-03-23T01:19:43 IST" finished-at="2022-03-23T01:19:44 IST">
          <reporter-output>
          </reporter-output>
        </test-method> <!-- testlogin1 -->
        <test-method status="PASS" signature="testlogin2()[pri:0, instance:com.sdet.AppTest@1d8d30f7]" name="testlogin2" duration-ms="1" started-at="2022-03-23T01:19:44 IST" finished-at="2022-03-23T01:19:44 IST">
          <reporter-output>
          </reporter-output>
        </test-method> <!-- testlogin2 -->
      </class> <!-- com.sdet.AppTest -->
    </test> <!-- Test -->
  </suite> <!-- Suite -->
</testng-results>
